Base path: C:/Program Files/Unity/Editor/Data
Cmd: initializeCompiler
<<<<<<< HEAD
Cmd: preprocess
  insize=2170 outsize=721 ok=1
Cmd: preprocess
  insize=2873 outsize=852 ok=1
Cmd: preprocess
  insize=2354 outsize=779 ok=1
Cmd: preprocess
  insize=1536 outsize=1683 ok=1
Cmd: preprocess
  insize=2532 outsize=856 ok=1
Cmd: preprocess
  insize=1855 outsize=1754 ok=1
Cmd: preprocess
  insize=1969 outsize=711 ok=1
Cmd: preprocess
  insize=1539 outsize=602 ok=1
Cmd: preprocess
  insize=2492 outsize=784 ok=1
Cmd: preprocess
  insize=1810 outsize=650 ok=1
Cmd: initializeCompiler
=======
>>>>>>> hayden
